-------------------------------------------------------------------------------
Test set: tests.CheckLengthStringTest
-------------------------------------------------------------------------------
Tests run: 1, Failures: 1, Errors: 0, Skipped: 0, Time elapsed: 0.38 s <<< FAILURE! - in tests.CheckLengthStringTest
testCheckLengthString  Time elapsed: 0.274 s  <<< FAILURE!
org.opentest4j.AssertionFailedError: Длина строки - Hello, world равна = 12 ==> expected: <true> but was: <false>
	at tests.CheckLengthStringTest.testCheckLengthString(CheckLengthStringTest.java:17)

