-------------------------------------------------------------------------------
Test set: tests.UserGetTest
-------------------------------------------------------------------------------
Tests run: 2, Failures: 1, Errors: 0, Skipped: 0, Time elapsed: 1.23 s <<< FAILURE! - in tests.UserGetTest
testGetUserDetailsAuthAsSameUser  Time elapsed: 0.466 s  <<< FAILURE!
java.lang.AssertionError: 
1 expectation failed.
XML path $ doesn't match.
Expected: map containing ["username"->ANYTHING]
  Actual: <Home>

	at tests.UserGetTest.testGetUserDetailsAuthAsSameUser(UserGetTest.java:49)

